0 info it worked if it ends with ok
1 verbose cli [ '/usr/local/bin/node', '/usr/local/bin/npm', 'install', '-g' ]
2 info using npm@2.15.9
3 info using node@v4.6.0
4 verbose install initial load of /usr/local/lib/package.json
5 verbose readDependencies loading dependencies from /usr/local/lib/package.json
6 silly cache add args [ '.', null ]
7 verbose cache add spec .
8 silly cache add parsed spec Result {
8 silly cache add   raw: '.',
8 silly cache add   scope: null,
8 silly cache add   name: null,
8 silly cache add   rawSpec: '.',
8 silly cache add   spec: '/Users/adriendeprez/code/PRPT/AXIS-SOW-POC',
8 silly cache add   type: 'directory' }
9 verbose addLocalDirectory /Users/adriendeprez/.npm/AXIS-SOW-POC/0.1.0/package.tgz not in flight; packing
10 verbose correctMkdir /Users/adriendeprez/.npm correctMkdir not in flight; initializing
11 verbose tar pack [ '/Users/adriendeprez/.npm/AXIS-SOW-POC/0.1.0/package.tgz',
11 verbose tar pack   '/Users/adriendeprez/code/PRPT/AXIS-SOW-POC' ]
12 verbose tarball /Users/adriendeprez/.npm/AXIS-SOW-POC/0.1.0/package.tgz
13 verbose folder /Users/adriendeprez/code/PRPT/AXIS-SOW-POC
14 info prepublish AXIS-SOW-POC@0.1.0
15 verbose addLocalTarball adding from inside cache /Users/adriendeprez/.npm/AXIS-SOW-POC/0.1.0/package.tgz
16 verbose correctMkdir /Users/adriendeprez/.npm correctMkdir not in flight; initializing
17 silly cache afterAdd AXIS-SOW-POC@0.1.0
18 verbose afterAdd /Users/adriendeprez/.npm/AXIS-SOW-POC/0.1.0/package/package.json not in flight; writing
19 verbose correctMkdir /Users/adriendeprez/.npm correctMkdir not in flight; initializing
20 verbose afterAdd /Users/adriendeprez/.npm/AXIS-SOW-POC/0.1.0/package/package.json written
21 silly install resolved [ { name: 'AXIS-SOW-POC',
21 silly install resolved     version: '0.1.0',
21 silly install resolved     dependencies:
21 silly install resolved      { express: '~4.14.0',
21 silly install resolved        angular: '~1.5.8',
21 silly install resolved        pug: '~2.0.0-beta6',
21 silly install resolved        'body-parser': '~1.15.2' },
21 silly install resolved     author: { name: 'Adrien Deprez', email: 'adrien.deprez.fr@gmail.com' },
21 silly install resolved     description: 'AXIS-SOW-POC project description',
21 silly install resolved     readme: 'AXIS-SOW-POC\n============\n\nLicense\n-------\n\nThis software is licensed under the Apache License, version 2.0.\nPlease read `license` for further information.\n',
21 silly install resolved     readmeFilename: 'README.md',
21 silly install resolved     gitHead: 'f236fbbd8055ce133e19a03b45e1cfa08abe3d4d',
21 silly install resolved     _id: 'AXIS-SOW-POC@0.1.0',
21 silly install resolved     scripts: {},
21 silly install resolved     _shasum: '18d3ac5edbdaa323868e55ce43585b980e4de0ec',
21 silly install resolved     _from: '../../Users/adriendeprez/code/PRPT/AXIS-SOW-POC',
21 silly install resolved     _resolved: 'file:../../Users/adriendeprez/code/PRPT/AXIS-SOW-POC' } ]
22 info install AXIS-SOW-POC@0.1.0 into /usr/local/lib
23 info installOne AXIS-SOW-POC@0.1.0
24 verbose installOne of AXIS-SOW-POC to /usr/local/lib not in flight; installing
25 verbose correctMkdir /Users/adriendeprez/.npm/_locks correctMkdir not in flight; initializing
26 verbose lock using /Users/adriendeprez/.npm/_locks/AXIS-SOW-POC-b2d72f3dbb98378a.lock for /usr/local/lib/node_modules/AXIS-SOW-POC
27 silly install write writing AXIS-SOW-POC 0.1.0 to /usr/local/lib/node_modules/AXIS-SOW-POC
28 verbose unbuild lib/node_modules/AXIS-SOW-POC
29 silly gentlyRm /usr/local/lib/node_modules/AXIS-SOW-POC is being purged from base /usr/local
30 verbose gentlyRm don't care about contents; nuking /usr/local/lib/node_modules/AXIS-SOW-POC
31 verbose tar unpack /Users/adriendeprez/.npm/AXIS-SOW-POC/0.1.0/package.tgz
32 verbose tar unpacking to /usr/local/lib/node_modules/AXIS-SOW-POC
33 silly gentlyRm /usr/local/lib/node_modules/AXIS-SOW-POC is being purged
34 verbose gentlyRm don't care about contents; nuking /usr/local/lib/node_modules/AXIS-SOW-POC
35 silly gunzTarPerm modes [ '755', '644' ]
36 error tar.unpack untar error /Users/adriendeprez/.npm/AXIS-SOW-POC/0.1.0/package.tgz
37 verbose unlock done using /Users/adriendeprez/.npm/_locks/AXIS-SOW-POC-b2d72f3dbb98378a.lock for /usr/local/lib/node_modules/AXIS-SOW-POC
38 verbose fstream_path /usr/local/lib/node_modules/AXIS-SOW-POC
39 verbose fstream_type Directory
40 verbose fstream_class DirWriter
41 verbose stack Error: EACCES: permission denied, mkdir '/usr/local/lib/node_modules/AXIS-SOW-POC'
41 verbose stack     at Error (native)
42 verbose fstream_stack /usr/local/lib/node_modules/npm/node_modules/fstream/lib/dir-writer.js:35:25
42 verbose fstream_stack /usr/local/lib/node_modules/npm/node_modules/mkdirp/index.js:47:53
42 verbose fstream_stack FSReqWrap.oncomplete (fs.js:82:15)
43 verbose cwd /Users/adriendeprez/code/PRPT/AXIS-SOW-POC
44 error Darwin 16.1.0
45 error argv "/usr/local/bin/node" "/usr/local/bin/npm" "install" "-g"
46 error node v4.6.0
47 error npm  v2.15.9
48 error path /usr/local/lib/node_modules/AXIS-SOW-POC
49 error code EACCES
50 error errno -13
51 error syscall mkdir
52 error Error: EACCES: permission denied, mkdir '/usr/local/lib/node_modules/AXIS-SOW-POC'
52 error     at Error (native)
52 error  { [Error: EACCES: permission denied, mkdir '/usr/local/lib/node_modules/AXIS-SOW-POC']
52 error   errno: -13,
52 error   code: 'EACCES',
52 error   syscall: 'mkdir',
52 error   path: '/usr/local/lib/node_modules/AXIS-SOW-POC',
52 error   fstream_type: 'Directory',
52 error   fstream_path: '/usr/local/lib/node_modules/AXIS-SOW-POC',
52 error   fstream_class: 'DirWriter',
52 error   fstream_stack:
52 error    [ '/usr/local/lib/node_modules/npm/node_modules/fstream/lib/dir-writer.js:35:25',
52 error      '/usr/local/lib/node_modules/npm/node_modules/mkdirp/index.js:47:53',
52 error      'FSReqWrap.oncomplete (fs.js:82:15)' ] }
53 error Please try running this command again as root/Administrator.
54 verbose exit [ -13, true ]
55 verbose unbuild lib/node_modules/AXIS-SOW-POC
56 silly gentlyRm /usr/local/lib/node_modules/AXIS-SOW-POC is being purged from base /usr/local
57 verbose gentlyRm don't care about contents; nuking /usr/local/lib/node_modules/AXIS-SOW-POC
